# JRE version: OpenJDK Runtime Environment (8.0_152-b01) (build 1.8.0_152-release-1024-b01)
# Java VM: OpenJDK 64-Bit Server VM (25.152-b01 mixed mode linux-amd64 compressed oops)
Heap:
 PSYoungGen      total 418304K, used 0K [0x00000000e0000000, 0x0000000100000000, 0x0000000100000000)
  eden space 336896K, 0% used [0x00000000e0000000,0x00000000e0000000,0x00000000f4900000)
  from space 81408K, 0% used [0x00000000fb080000,0x00000000fb080000,0x0000000100000000)
  to   space 93696K, 0% used [0x00000000f4900000,0x00000000f4900000,0x00000000fa480000)
 ParOldGen       total 572416K, used 389251K [0x00000000a0000000, 0x00000000c2f00000, 0x00000000e0000000)
  object space 572416K, 68% used [0x00000000a0000000,0x00000000b7c20ca8,0x00000000c2f00000)
 Metaspace       used 83265K, capacity 86842K, committed 89472K, reserved 1126400K
  class space    used 10590K, capacity 11321K, committed 11904K, reserved 1048576K
GC Heap History (10 events):
Event: 1944.829 GC heap after
Heap after GC invocations=31 (full 6):
 PSYoungGen      total 455168K, used 49646K [0x00000000e0000000, 0x0000000100000000, 0x0000000100000000)
  eden space 405504K, 0% used [0x00000000e0000000,0x00000000e0000000,0x00000000f8c00000)
  from space 49664K, 99% used [0x00000000f8c00000,0x00000000fbc7bb30,0x00000000fbc80000)
  to   space 67584K, 0% used [0x00000000fbe00000,0x00000000fbe00000,0x0000000100000000)
 ParOldGen       total 207360K, used 131310K [0x00000000a0000000, 0x00000000aca80000, 0x00000000e0000000)
  object space 207360K, 63% used [0x00000000a0000000,0x00000000a803ba80,0x00000000aca80000)
 Metaspace       used 84915K, capacity 88922K, committed 89216K, reserved 1126400K
  class space    used 10937K, capacity 11814K, committed 11904K, reserved 1048576K
}
Event: 1953.305 GC heap before
{Heap before GC invocations=32 (full 6):
 PSYoungGen      total 455168K, used 382033K [0x00000000e0000000, 0x0000000100000000, 0x0000000100000000)
  eden space 405504K, 81% used [0x00000000e0000000,0x00000000f4498cc8,0x00000000f8c00000)
  from space 49664K, 99% used [0x00000000f8c00000,0x00000000fbc7bb30,0x00000000fbc80000)
  to   space 67584K, 0% used [0x00000000fbe00000,0x00000000fbe00000,0x0000000100000000)
 ParOldGen       total 207360K, used 131310K [0x00000000a0000000, 0x00000000aca80000, 0x00000000e0000000)
  object space 207360K, 63% used [0x00000000a0000000,0x00000000a803ba80,0x00000000aca80000)
 Metaspace       used 85265K, capacity 89380K, committed 89472K, reserved 1126400K
  class space    used 10949K, capacity 11825K, committed 11904K, reserved 1048576K
Event: 1953.380 GC heap after
Heap after GC invocations=32 (full 6):
 PSYoungGen      total 440320K, used 59257K [0x00000000e0000000, 0x0000000100000000, 0x0000000100000000)
  eden space 372736K, 0% used [0x00000000e0000000,0x00000000e0000000,0x00000000f6c00000)
  from space 67584K, 87% used [0x00000000fbe00000,0x00000000ff7de6d8,0x0000000100000000)
  to   space 75776K, 0% used [0x00000000f6c00000,0x00000000f6c00000,0x00000000fb600000)
 ParOldGen       total 292864K, used 216452K [0x00000000a0000000, 0x00000000b1e00000, 0x00000000e0000000)
  object space 292864K, 73% used [0x00000000a0000000,0x00000000ad361378,0x00000000b1e00000)
 Metaspace       used 85265K, capacity 89380K, committed 89472K, reserved 1126400K
  class space    used 10949K, capacity 11825K, committed 11904K, reserved 1048576K
}
Event: 1956.880 GC heap before
{Heap before GC invocations=33 (full 6):
 PSYoungGen      total 440320K, used 372261K [0x00000000e0000000, 0x0000000100000000, 0x0000000100000000)
  eden space 372736K, 83% used [0x00000000e0000000,0x00000000f31ab0f8,0x00000000f6c00000)
  from space 67584K, 87% used [0x00000000fbe00000,0x00000000ff7de6d8,0x0000000100000000)
  to   space 75776K, 0% used [0x00000000f6c00000,0x00000000f6c00000,0x00000000fb600000)
 ParOldGen       total 292864K, used 216452K [0x00000000a0000000, 0x00000000b1e00000, 0x00000000e0000000)
  object space 292864K, 73% used [0x00000000a0000000,0x00000000ad361378,0x00000000b1e00000)
 Metaspace       used 85266K, capacity 89380K, committed 89472K, reserved 1126400K
  class space    used 10949K, capacity 11825K, committed 11904K, reserved 1048576K
Event: 1957.128 GC heap after
Heap after GC invocations=33 (full 6):
 PSYoungGen      total 429056K, used 55836K [0x00000000e0000000, 0x0000000100000000, 0x0000000100000000)
  eden space 372736K, 0% used [0x00000000e0000000,0x00000000e0000000,0x00000000f6c00000)
  from space 56320K, 99% used [0x00000000f6c00000,0x00000000fa287118,0x00000000fa300000)
  to   space 81408K, 0% used [0x00000000fb080000,0x00000000fb080000,0x0000000100000000)
 ParOldGen       total 615424K, used 602927K [0x00000000a0000000, 0x00000000c5900000, 0x00000000e0000000)
  object space 615424K, 97% used [0x00000000a0000000,0x00000000c4ccbe80,0x00000000c5900000)
 Metaspace       used 85266K, capacity 89380K, committed 89472K, reserved 1126400K
  class space    used 10949K, capacity 11825K, committed 11904K, reserved 1048576K
}
Event: 1957.225 GC heap before
{Heap before GC invocations=34 (full 7):
 PSYoungGen      total 429056K, used 55836K [0x00000000e0000000, 0x0000000100000000, 0x0000000100000000)
  eden space 372736K, 0% used [0x00000000e0000000,0x00000000e0000000,0x00000000f6c00000)
  from space 56320K, 99% used [0x00000000f6c00000,0x00000000fa287118,0x00000000fa300000)
  to   space 81408K, 0% used [0x00000000fb080000,0x00000000fb080000,0x0000000100000000)
 ParOldGen       total 615424K, used 602927K [0x00000000a0000000, 0x00000000c5900000, 0x00000000e0000000)
  object space 615424K, 97% used [0x00000000a0000000,0x00000000c4ccbe80,0x00000000c5900000)
 Metaspace       used 85266K, capacity 89380K, committed 89472K, reserved 1126400K
  class space    used 10949K, capacity 11825K, committed 11904K, reserved 1048576K
Event: 1957.581 GC heap after
Heap after GC invocations=34 (full 7):
 PSYoungGen      total 429056K, used 0K [0x00000000e0000000, 0x0000000100000000, 0x0000000100000000)
  eden space 372736K, 0% used [0x00000000e0000000,0x00000000e0000000,0x00000000f6c00000)
  from space 56320K, 0% used [0x00000000f6c00000,0x00000000f6c00000,0x00000000fa300000)
  to   space 81408K, 0% used [0x00000000fb080000,0x00000000fb080000,0x0000000100000000)
 ParOldGen       total 572416K, used 290385K [0x00000000a0000000, 0x00000000c2f00000, 0x00000000e0000000)
  object space 572416K, 50% used [0x00000000a0000000,0x00000000b1b947b8,0x00000000c2f00000)
 Metaspace       used 83265K, capacity 86842K, committed 89472K, reserved 1126400K
  class space    used 10590K, capacity 11321K, committed 11904K, reserved 1048576K
}
Event: 1958.396 GC heap before
{Heap before GC invocations=35 (full 7):
 PSYoungGen      total 429056K, used 300597K [0x00000000e0000000, 0x0000000100000000, 0x0000000100000000)
  eden space 372736K, 80% used [0x00000000e0000000,0x00000000f258d728,0x00000000f6c00000)
  from space 56320K, 0% used [0x00000000f6c00000,0x00000000f6c00000,0x00000000fa300000)
  to   space 81408K, 0% used [0x00000000fb080000,0x00000000fb080000,0x0000000100000000)
 ParOldGen       total 572416K, used 290385K [0x00000000a0000000, 0x00000000c2f00000, 0x00000000e0000000)
  object space 572416K, 50% used [0x00000000a0000000,0x00000000b1b947b8,0x00000000c2f00000)
 Metaspace       used 83265K, capacity 86842K, committed 89472K, reserved 1126400K
  class space    used 10590K, capacity 11321K, committed 11904K, reserved 1048576K
Event: 1958.467 GC heap after
Heap after GC invocations=35 (full 7):
 PSYoungGen      total 418304K, used 79431K [0x00000000e0000000, 0x0000000100000000, 0x0000000100000000)
  eden space 336896K, 0% used [0x00000000e0000000,0x00000000e0000000,0x00000000f4900000)
  from space 81408K, 97% used [0x00000000fb080000,0x00000000ffe11c78,0x0000000100000000)
  to   space 93696K, 0% used [0x00000000f4900000,0x00000000f4900000,0x00000000fa480000)
 ParOldGen       total 572416K, used 506592K [0x00000000a0000000, 0x00000000c2f00000, 0x00000000e0000000)
  object space 572416K, 88% used [0x00000000a0000000,0x00000000beeb80c0,0x00000000c2f00000)
 Metaspace       used 83265K, capacity 86842K, committed 89472K, reserved 1126400K
  class space    used 10590K, capacity 11321K, committed 11904K, reserved 1048576K
}
Event: 1958.467 GC heap before
{Heap before GC invocations=36 (full 8):
 PSYoungGen      total 418304K, used 79431K [0x00000000e0000000, 0x0000000100000000, 0x0000000100000000)
  eden space 336896K, 0% used [0x00000000e0000000,0x00000000e0000000,0x00000000f4900000)
  from space 81408K, 97% used [0x00000000fb080000,0x00000000ffe11c78,0x0000000100000000)
  to   space 93696K, 0% used [0x00000000f4900000,0x00000000f4900000,0x00000000fa480000)
 ParOldGen       total 572416K, used 506592K [0x00000000a0000000, 0x00000000c2f00000, 0x00000000e0000000)
  object space 572416K, 88% used [0x00000000a0000000,0x00000000beeb80c0,0x00000000c2f00000)
 Metaspace       used 83265K, capacity 86842K, committed 89472K, reserved 1126400K
  class space    used 10590K, capacity 11321K, committed 11904K, reserved 1048576K

